{"level":"info","message":"POST /login"}
{"level":"info","message":"POST /login"}
{"level":"info","message":"POST /login"}
{"level":"info","message":"POST /login"}
{"level":"info","message":"POST /login"}
{"level":"info","message":"POST /login"}
{"level":"info","message":"POST /login"}
{"level":"info","message":"POST /login"}
{"level":"info","message":"POST /login"}
{"level":"info","message":"POST /login"}
{"level":"info","message":"POST /login"}
{"level":"info","message":"POST /login"}
{"level":"info","message":"POST /login"}
{"level":"info","message":"POST /login"}
{"level":"info","message":"POST /login"}
{"level":"info","message":"POST /login"}
{"level":"info","message":"POST /login"}
{"level":"info","message":"POST /login"}
{"level":"info","message":"POST /api/login"}
{"level":"info","message":"POST /login"}
{"level":"info","message":"POST /api/login"}
{"level":"info","message":"POST /login"}
{"level":"info","message":"GET /"}
{"level":"info","message":"GET /"}
{"level":"info","message":"GET /home"}
{"level":"info","message":"GET /api/home"}
{"level":"info","message":"POST /api/auth/login"}
{"level":"info","message":"POST /login"}
{"level":"info","message":"POST /api/auth/login"}
{"level":"info","message":"POST /login"}
{"level":"info","message":"POST /api/auth/login"}
{"level":"info","message":"POST /login"}
{"level":"info","message":"POST /api/auth/login"}
{"level":"info","message":"POST /login"}
{"level":"info","message":"POST /api/auth/login"}
{"level":"info","message":"POST /login"}
{"level":"info","message":"POST /api/auth/login"}
{"level":"info","message":"POST /login"}
{"level":"info","message":"ServerApplication constructor"}
